-- The CXX compiler identification is GNU 13.3.0
-- Detecting CXX compiler ABI info
-- Detecting CXX compiler ABI info - done
-- Check for working CXX compiler: /usr/bin/c++ - skipped
-- Detecting CXX compile features
-- Detecting CXX compile features - done
-- Configuring done (0.2s)
-- Generating done (0.0s)
-- Build files have been written to: /home/will/WorldFoundry/wftools/wf_engine/objs_game/jolt_build/out
[  0%] Building CXX object CMakeFiles/Jolt.dir/cmake_pch.hxx.gch
[  1%] Building CXX object CMakeFiles/Jolt.dir/home/will/WorldFoundry/wftools/vendor/jolt-physics-5.5.0/Jolt/AABBTree/AABBTreeBuilder.cpp.o
[  2%] Building CXX object CMakeFiles/Jolt.dir/home/will/WorldFoundry/wftools/vendor/jolt-physics-5.5.0/Jolt/Core/IssueReporting.cpp.o
[  2%] Building CXX object CMakeFiles/Jolt.dir/home/will/WorldFoundry/wftools/vendor/jolt-physics-5.5.0/Jolt/Core/Factory.cpp.o
[  3%] Building CXX object CMakeFiles/Jolt.dir/home/will/WorldFoundry/wftools/vendor/jolt-physics-5.5.0/Jolt/Core/Color.cpp.o
[  4%] Building CXX object CMakeFiles/Jolt.dir/home/will/WorldFoundry/wftools/vendor/jolt-physics-5.5.0/Jolt/Core/JobSystemThreadPool.cpp.o
[  4%] Building CXX object CMakeFiles/Jolt.dir/home/will/WorldFoundry/wftools/vendor/jolt-physics-5.5.0/Jolt/Core/Memory.cpp.o
[  5%] Building CXX object CMakeFiles/Jolt.dir/home/will/WorldFoundry/wftools/vendor/jolt-physics-5.5.0/Jolt/Core/JobSystemSingleThreaded.cpp.o
[  7%] Building CXX object CMakeFiles/Jolt.dir/home/will/WorldFoundry/wftools/vendor/jolt-physics-5.5.0/Jolt/Core/JobSystemWithBarrier.cpp.o
[  7%] Building CXX object CMakeFiles/Jolt.dir/home/will/WorldFoundry/wftools/vendor/jolt-physics-5.5.0/Jolt/Core/Semaphore.cpp.o
[  9%] Building CXX object CMakeFiles/Jolt.dir/home/will/WorldFoundry/wftools/vendor/jolt-physics-5.5.0/Jolt/Core/LinearCurve.cpp.o
[  8%] Building CXX object CMakeFiles/Jolt.dir/home/will/WorldFoundry/wftools/vendor/jolt-physics-5.5.0/Jolt/Core/RTTI.cpp.o
[ 11%] Building CXX object CMakeFiles/Jolt.dir/home/will/WorldFoundry/wftools/vendor/jolt-physics-5.5.0/Jolt/Core/Profiler.cpp.o
[ 11%] Building CXX object CMakeFiles/Jolt.dir/home/will/WorldFoundry/wftools/vendor/jolt-physics-5.5.0/Jolt/Core/TickCounter.cpp.o
[ 10%] Building CXX object CMakeFiles/Jolt.dir/home/will/WorldFoundry/wftools/vendor/jolt-physics-5.5.0/Jolt/Core/StringTools.cpp.o
[ 12%] Building CXX object CMakeFiles/Jolt.dir/home/will/WorldFoundry/wftools/vendor/jolt-physics-5.5.0/Jolt/Geometry/ConvexHullBuilder.cpp.o
[ 13%] Building CXX object CMakeFiles/Jolt.dir/home/will/WorldFoundry/wftools/vendor/jolt-physics-5.5.0/Jolt/Geometry/ConvexHullBuilder2D.cpp.o
[ 14%] Building CXX object CMakeFiles/Jolt.dir/home/will/WorldFoundry/wftools/vendor/jolt-physics-5.5.0/Jolt/Math/Vec3.cpp.o
[ 15%] Building CXX object CMakeFiles/Jolt.dir/home/will/WorldFoundry/wftools/vendor/jolt-physics-5.5.0/Jolt/ObjectStream/SerializableObject.cpp.o
[ 16%] Building CXX object CMakeFiles/Jolt.dir/home/will/WorldFoundry/wftools/vendor/jolt-physics-5.5.0/Jolt/Physics/Collision/BroadPhase/BroadPhaseBruteForce.cpp.o
[ 18%] Building CXX object CMakeFiles/Jolt.dir/home/will/WorldFoundry/wftools/vendor/jolt-physics-5.5.0/Jolt/Physics/Body/Body.cpp.o
[ 17%] Building CXX object CMakeFiles/Jolt.dir/home/will/WorldFoundry/wftools/vendor/jolt-physics-5.5.0/Jolt/Geometry/Indexify.cpp.o
[ 19%] Building CXX object CMakeFiles/Jolt.dir/home/will/WorldFoundry/wftools/vendor/jolt-physics-5.5.0/Jolt/Physics/Character/CharacterVirtual.cpp.o
[ 19%] Building CXX object CMakeFiles/Jolt.dir/home/will/WorldFoundry/wftools/vendor/jolt-physics-5.5.0/Jolt/Geometry/OrientedBox.cpp.o
[ 20%] Building CXX object CMakeFiles/Jolt.dir/home/will/WorldFoundry/wftools/vendor/jolt-physics-5.5.0/Jolt/Physics/Collision/BroadPhase/BroadPhase.cpp.o
[ 21%] Building CXX object CMakeFiles/Jolt.dir/home/will/WorldFoundry/wftools/vendor/jolt-physics-5.5.0/Jolt/Physics/Body/BodyManager.cpp.o
[ 21%] Building CXX object CMakeFiles/Jolt.dir/home/will/WorldFoundry/wftools/vendor/jolt-physics-5.5.0/Jolt/Physics/Body/BodyInterface.cpp.o
[ 22%] Building CXX object CMakeFiles/Jolt.dir/home/will/WorldFoundry/wftools/vendor/jolt-physics-5.5.0/Jolt/Physics/Character/Character.cpp.o
[ 22%] Building CXX object CMakeFiles/Jolt.dir/home/will/WorldFoundry/wftools/vendor/jolt-physics-5.5.0/Jolt/Physics/Collision/BroadPhase/BroadPhaseQuadTree.cpp.o
[ 23%] Building CXX object CMakeFiles/Jolt.dir/home/will/WorldFoundry/wftools/vendor/jolt-physics-5.5.0/Jolt/Physics/Collision/CollisionGroup.cpp.o
[ 24%] Building CXX object CMakeFiles/Jolt.dir/home/will/WorldFoundry/wftools/vendor/jolt-physics-5.5.0/Jolt/Physics/Body/BodyCreationSettings.cpp.o
[ 25%] Building CXX object CMakeFiles/Jolt.dir/home/will/WorldFoundry/wftools/vendor/jolt-physics-5.5.0/Jolt/Physics/Collision/CollideConvexVsTriangles.cpp.o
[ 22%] Building CXX object CMakeFiles/Jolt.dir/home/will/WorldFoundry/wftools/vendor/jolt-physics-5.5.0/Jolt/Physics/Character/CharacterBase.cpp.o
[ 26%] Building CXX object CMakeFiles/Jolt.dir/home/will/WorldFoundry/wftools/vendor/jolt-physics-5.5.0/Jolt/Physics/Collision/CollisionDispatch.cpp.o
[ 26%] Building CXX object CMakeFiles/Jolt.dir/home/will/WorldFoundry/wftools/vendor/jolt-physics-5.5.0/Jolt/Physics/Collision/GroupFilterTable.cpp.o
[ 27%] Building CXX object CMakeFiles/Jolt.dir/home/will/WorldFoundry/wftools/vendor/jolt-physics-5.5.0/Jolt/Physics/Collision/CastSphereVsTriangles.cpp.o
[ 28%] Building CXX object CMakeFiles/Jolt.dir/home/will/WorldFoundry/wftools/vendor/jolt-physics-5.5.0/Jolt/Physics/Collision/EstimateCollisionResponse.cpp.o
[ 30%] Building CXX object CMakeFiles/Jolt.dir/home/will/WorldFoundry/wftools/vendor/jolt-physics-5.5.0/Jolt/Physics/Collision/NarrowPhaseQuery.cpp.o
[ 31%] Building CXX object CMakeFiles/Jolt.dir/home/will/WorldFoundry/wftools/vendor/jolt-physics-5.5.0/Jolt/Physics/Collision/BroadPhase/QuadTree.cpp.o
[ 32%] Building CXX object CMakeFiles/Jolt.dir/home/will/WorldFoundry/wftools/vendor/jolt-physics-5.5.0/Jolt/Physics/Collision/Shape/DecoratedShape.cpp.o
[ 33%] Building CXX object CMakeFiles/Jolt.dir/home/will/WorldFoundry/wftools/vendor/jolt-physics-5.5.0/Jolt/Physics/Collision/PhysicsMaterial.cpp.o
[ 34%] Building CXX object CMakeFiles/Jolt.dir/home/will/WorldFoundry/wftools/vendor/jolt-physics-5.5.0/Jolt/Physics/Body/MassProperties.cpp.o
[ 29%] Building CXX object CMakeFiles/Jolt.dir/home/will/WorldFoundry/wftools/vendor/jolt-physics-5.5.0/Jolt/Physics/Collision/CastConvexVsTriangles.cpp.o
[ 31%] Building CXX object CMakeFiles/Jolt.dir/home/will/WorldFoundry/wftools/vendor/jolt-physics-5.5.0/Jolt/Physics/Collision/CollideSphereVsTriangles.cpp.o
[ 36%] Building CXX object CMakeFiles/Jolt.dir/home/will/WorldFoundry/wftools/vendor/jolt-physics-5.5.0/Jolt/Physics/Collision/Shape/CompoundShape.cpp.o
[ 37%] Building CXX object CMakeFiles/Jolt.dir/home/will/WorldFoundry/wftools/vendor/jolt-physics-5.5.0/Jolt/Physics/Collision/Shape/MeshShape.cpp.o
[ 38%] Building CXX object CMakeFiles/Jolt.dir/home/will/WorldFoundry/wftools/vendor/jolt-physics-5.5.0/Jolt/Physics/Collision/Shape/CapsuleShape.cpp.o
[ 35%] Building CXX object CMakeFiles/Jolt.dir/home/will/WorldFoundry/wftools/vendor/jolt-physics-5.5.0/Jolt/Physics/Body/MotionProperties.cpp.o
[ 40%] Building CXX object CMakeFiles/Jolt.dir/home/will/WorldFoundry/wftools/vendor/jolt-physics-5.5.0/Jolt/Physics/Collision/GroupFilter.cpp.o
[ 40%] Building CXX object CMakeFiles/Jolt.dir/home/will/WorldFoundry/wftools/vendor/jolt-physics-5.5.0/Jolt/Physics/Collision/Shape/ConvexHullShape.cpp.o
[ 39%] Building CXX object CMakeFiles/Jolt.dir/home/will/WorldFoundry/wftools/vendor/jolt-physics-5.5.0/Jolt/Physics/Collision/ManifoldBetweenTwoFaces.cpp.o
[ 42%] Building CXX object CMakeFiles/Jolt.dir/home/will/WorldFoundry/wftools/vendor/jolt-physics-5.5.0/Jolt/Physics/Collision/Shape/BoxShape.cpp.o
[ 41%] Building CXX object CMakeFiles/Jolt.dir/home/will/WorldFoundry/wftools/vendor/jolt-physics-5.5.0/Jolt/Physics/Collision/NarrowPhaseStats.cpp.o
[ 43%] Building CXX object CMakeFiles/Jolt.dir/home/will/WorldFoundry/wftools/vendor/jolt-physics-5.5.0/Jolt/Physics/Collision/Shape/OffsetCenterOfMassShape.cpp.o
[ 43%] Building CXX object CMakeFiles/Jolt.dir/home/will/WorldFoundry/wftools/vendor/jolt-physics-5.5.0/Jolt/Physics/Collision/Shape/HeightFieldShape.cpp.o
[ 44%] Building CXX object CMakeFiles/Jolt.dir/home/will/WorldFoundry/wftools/vendor/jolt-physics-5.5.0/Jolt/Physics/Collision/Shape/CylinderShape.cpp.o
[ 44%] Building CXX object CMakeFiles/Jolt.dir/home/will/WorldFoundry/wftools/vendor/jolt-physics-5.5.0/Jolt/Physics/Collision/PhysicsMaterialSimple.cpp.o
[ 44%] Building CXX object CMakeFiles/Jolt.dir/home/will/WorldFoundry/wftools/vendor/jolt-physics-5.5.0/Jolt/Physics/Collision/Shape/RotatedTranslatedShape.cpp.o
[ 45%] Building CXX object CMakeFiles/Jolt.dir/home/will/WorldFoundry/wftools/vendor/jolt-physics-5.5.0/Jolt/Physics/Collision/Shape/ConvexShape.cpp.o
[ 47%] Building CXX object CMakeFiles/Jolt.dir/home/will/WorldFoundry/wftools/vendor/jolt-physics-5.5.0/Jolt/Physics/Collision/Shape/EmptyShape.cpp.o
[ 48%] Building CXX object CMakeFiles/Jolt.dir/home/will/WorldFoundry/wftools/vendor/jolt-physics-5.5.0/Jolt/Physics/Collision/Shape/MutableCompoundShape.cpp.o
[ 46%] Building CXX object CMakeFiles/Jolt.dir/home/will/WorldFoundry/wftools/vendor/jolt-physics-5.5.0/Jolt/Physics/Collision/Shape/PlaneShape.cpp.o
[ 49%] Building CXX object CMakeFiles/Jolt.dir/home/will/WorldFoundry/wftools/vendor/jolt-physics-5.5.0/Jolt/Physics/Collision/Shape/ScaledShape.cpp.o
[ 51%] Building CXX object CMakeFiles/Jolt.dir/home/will/WorldFoundry/wftools/vendor/jolt-physics-5.5.0/Jolt/Physics/Collision/Shape/Shape.cpp.o
[ 50%] Building CXX object CMakeFiles/Jolt.dir/home/will/WorldFoundry/wftools/vendor/jolt-physics-5.5.0/Jolt/Physics/Collision/Shape/SphereShape.cpp.o
[ 51%] Building CXX object CMakeFiles/Jolt.dir/home/will/WorldFoundry/wftools/vendor/jolt-physics-5.5.0/Jolt/Physics/Collision/Shape/StaticCompoundShape.cpp.o
[ 52%] Building CXX object CMakeFiles/Jolt.dir/home/will/WorldFoundry/wftools/vendor/jolt-physics-5.5.0/Jolt/Physics/Collision/Shape/TaperedCapsuleShape.cpp.o
[ 53%] Building CXX object CMakeFiles/Jolt.dir/home/will/WorldFoundry/wftools/vendor/jolt-physics-5.5.0/Jolt/Physics/Collision/TransformedShape.cpp.o
[ 54%] Building CXX object CMakeFiles/Jolt.dir/home/will/WorldFoundry/wftools/vendor/jolt-physics-5.5.0/Jolt/Physics/Collision/Shape/TaperedCylinderShape.cpp.o
[ 56%] Building CXX object CMakeFiles/Jolt.dir/home/will/WorldFoundry/wftools/vendor/jolt-physics-5.5.0/Jolt/Physics/Collision/Shape/TriangleShape.cpp.o
[ 57%] Building CXX object CMakeFiles/Jolt.dir/home/will/WorldFoundry/wftools/vendor/jolt-physics-5.5.0/Jolt/Physics/Constraints/MotorSettings.cpp.o
[ 57%] Building CXX object CMakeFiles/Jolt.dir/home/will/WorldFoundry/wftools/vendor/jolt-physics-5.5.0/Jolt/Physics/Constraints/ConeConstraint.cpp.o
[ 55%] Building CXX object CMakeFiles/Jolt.dir/home/will/WorldFoundry/wftools/vendor/jolt-physics-5.5.0/Jolt/Physics/Constraints/ContactConstraintManager.cpp.o
[ 59%] Building CXX object CMakeFiles/Jolt.dir/home/will/WorldFoundry/wftools/vendor/jolt-physics-5.5.0/Jolt/Physics/Constraints/ConstraintManager.cpp.o
[ 61%] Building CXX object CMakeFiles/Jolt.dir/home/will/WorldFoundry/wftools/vendor/jolt-physics-5.5.0/Jolt/Physics/Constraints/HingeConstraint.cpp.o
[ 62%] Building CXX object CMakeFiles/Jolt.dir/home/will/WorldFoundry/wftools/vendor/jolt-physics-5.5.0/Jolt/Physics/Constraints/PathConstraintPath.cpp.o
[ 63%] Building CXX object CMakeFiles/Jolt.dir/home/will/WorldFoundry/wftools/vendor/jolt-physics-5.5.0/Jolt/Physics/Constraints/RackAndPinionConstraint.cpp.o
[ 62%] Building CXX object CMakeFiles/Jolt.dir/home/will/WorldFoundry/wftools/vendor/jolt-physics-5.5.0/Jolt/Physics/PhysicsSystem.cpp.o
[ 64%] Building CXX object CMakeFiles/Jolt.dir/home/will/WorldFoundry/wftools/vendor/jolt-physics-5.5.0/Jolt/Physics/Constraints/DistanceConstraint.cpp.o
[ 65%] Building CXX object CMakeFiles/Jolt.dir/home/will/WorldFoundry/wftools/vendor/jolt-physics-5.5.0/Jolt/Physics/Constraints/SwingTwistConstraint.cpp.o
[ 65%] Building CXX object CMakeFiles/Jolt.dir/home/will/WorldFoundry/wftools/vendor/jolt-physics-5.5.0/Jolt/Physics/SoftBody/SoftBodyMotionProperties.cpp.o
[ 66%] Building CXX object CMakeFiles/Jolt.dir/home/will/WorldFoundry/wftools/vendor/jolt-physics-5.5.0/Jolt/Physics/Constraints/PathConstraintPathHermite.cpp.o
[ 67%] Building CXX object CMakeFiles/Jolt.dir/home/will/WorldFoundry/wftools/vendor/jolt-physics-5.5.0/Jolt/Physics/IslandBuilder.cpp.o
[ 68%] Building CXX object CMakeFiles/Jolt.dir/home/will/WorldFoundry/wftools/vendor/jolt-physics-5.5.0/Jolt/Physics/PhysicsUpdateContext.cpp.o
[ 69%] Building CXX object CMakeFiles/Jolt.dir/home/will/WorldFoundry/wftools/vendor/jolt-physics-5.5.0/Jolt/Physics/PhysicsScene.cpp.o
[ 63%] Building CXX object CMakeFiles/Jolt.dir/home/will/WorldFoundry/wftools/vendor/jolt-physics-5.5.0/Jolt/Physics/Constraints/FixedConstraint.cpp.o
[ 63%] Building CXX object CMakeFiles/Jolt.dir/home/will/WorldFoundry/wftools/vendor/jolt-physics-5.5.0/Jolt/Physics/Constraints/GearConstraint.cpp.o
[ 63%] Building CXX object CMakeFiles/Jolt.dir/home/will/WorldFoundry/wftools/vendor/jolt-physics-5.5.0/Jolt/Physics/Constraints/PathConstraint.cpp.o
[ 63%] Building CXX object CMakeFiles/Jolt.dir/home/will/WorldFoundry/wftools/vendor/jolt-physics-5.5.0/Jolt/Physics/Constraints/PointConstraint.cpp.o
[ 70%] Building CXX object CMakeFiles/Jolt.dir/home/will/WorldFoundry/wftools/vendor/jolt-physics-5.5.0/Jolt/Physics/Constraints/Constraint.cpp.o
[ 73%] Building CXX object CMakeFiles/Jolt.dir/home/will/WorldFoundry/wftools/vendor/jolt-physics-5.5.0/Jolt/Physics/SoftBody/SoftBodyCreationSettings.cpp.o
[ 75%] Building CXX object CMakeFiles/Jolt.dir/home/will/WorldFoundry/wftools/vendor/jolt-physics-5.5.0/Jolt/Physics/Constraints/SpringSettings.cpp.o
[ 72%] Building CXX object CMakeFiles/Jolt.dir/home/will/WorldFoundry/wftools/vendor/jolt-physics-5.5.0/Jolt/Physics/Constraints/SixDOFConstraint.cpp.o
[ 77%] Building CXX object CMakeFiles/Jolt.dir/home/will/WorldFoundry/wftools/vendor/jolt-physics-5.5.0/Jolt/Physics/LargeIslandSplitter.cpp.o
[ 78%] Building CXX object CMakeFiles/Jolt.dir/home/will/WorldFoundry/wftools/vendor/jolt-physics-5.5.0/Jolt/Physics/Vehicle/VehicleAntiRollBar.cpp.o
[ 78%] Building CXX object CMakeFiles/Jolt.dir/home/will/WorldFoundry/wftools/vendor/jolt-physics-5.5.0/Jolt/Physics/Vehicle/Wheel.cpp.o
[ 79%] Building CXX object CMakeFiles/Jolt.dir/home/will/WorldFoundry/wftools/vendor/jolt-physics-5.5.0/Jolt/Physics/SoftBody/SoftBodySharedSettings.cpp.o
[ 82%] Building CXX object CMakeFiles/Jolt.dir/home/will/WorldFoundry/wftools/vendor/jolt-physics-5.5.0/Jolt/Physics/Vehicle/MotorcycleController.cpp.o
[ 84%] Building CXX object CMakeFiles/Jolt.dir/home/will/WorldFoundry/wftools/vendor/jolt-physics-5.5.0/Jolt/Physics/Vehicle/WheeledVehicleController.cpp.o
[ 85%] Building CXX object CMakeFiles/Jolt.dir/home/will/WorldFoundry/wftools/vendor/jolt-physics-5.5.0/Jolt/Physics/Vehicle/VehicleCollisionTester.cpp.o
[ 85%] Building CXX object CMakeFiles/Jolt.dir/home/will/WorldFoundry/wftools/vendor/jolt-physics-5.5.0/Jolt/Physics/Vehicle/VehicleDifferential.cpp.o
[ 80%] Building CXX object CMakeFiles/Jolt.dir/home/will/WorldFoundry/wftools/vendor/jolt-physics-5.5.0/Jolt/RegisterTypes.cpp.o
[ 86%] Building CXX object CMakeFiles/Jolt.dir/home/will/WorldFoundry/wftools/vendor/jolt-physics-5.5.0/Jolt/Physics/Vehicle/VehicleEngine.cpp.o
[ 86%] Building CXX object CMakeFiles/Jolt.dir/home/will/WorldFoundry/wftools/vendor/jolt-physics-5.5.0/Jolt/Physics/SoftBody/SoftBodyShape.cpp.o
[ 79%] Building CXX object CMakeFiles/Jolt.dir/home/will/WorldFoundry/wftools/vendor/jolt-physics-5.5.0/Jolt/Physics/Constraints/TwoBodyConstraint.cpp.o
[ 79%] Building CXX object CMakeFiles/Jolt.dir/home/will/WorldFoundry/wftools/vendor/jolt-physics-5.5.0/Jolt/Physics/Vehicle/VehicleConstraint.cpp.o
[ 79%] Building CXX object CMakeFiles/Jolt.dir/home/will/WorldFoundry/wftools/vendor/jolt-physics-5.5.0/Jolt/Physics/StateRecorderImpl.cpp.o
[ 79%] Building CXX object CMakeFiles/Jolt.dir/home/will/WorldFoundry/wftools/vendor/jolt-physics-5.5.0/Jolt/Physics/Vehicle/TrackedVehicleController.cpp.o
[ 79%] Building CXX object CMakeFiles/Jolt.dir/home/will/WorldFoundry/wftools/vendor/jolt-physics-5.5.0/Jolt/Physics/Constraints/PulleyConstraint.cpp.o
[ 83%] Building CXX object CMakeFiles/Jolt.dir/home/will/WorldFoundry/wftools/vendor/jolt-physics-5.5.0/Jolt/Physics/Vehicle/VehicleTrack.cpp.o
[ 87%] Building CXX object CMakeFiles/Jolt.dir/home/will/WorldFoundry/wftools/vendor/jolt-physics-5.5.0/Jolt/Physics/Ragdoll/Ragdoll.cpp.o
[ 87%] Building CXX object CMakeFiles/Jolt.dir/home/will/WorldFoundry/wftools/vendor/jolt-physics-5.5.0/Jolt/Renderer/DebugRendererRecorder.cpp.o
[ 88%] Building CXX object CMakeFiles/Jolt.dir/home/will/WorldFoundry/wftools/vendor/jolt-physics-5.5.0/Jolt/Renderer/DebugRenderer.cpp.o
[ 90%] Building CXX object CMakeFiles/Jolt.dir/home/will/WorldFoundry/wftools/vendor/jolt-physics-5.5.0/Jolt/Renderer/DebugRendererPlayback.cpp.o
[ 91%] Building CXX object CMakeFiles/Jolt.dir/home/will/WorldFoundry/wftools/vendor/jolt-physics-5.5.0/Jolt/Physics/Vehicle/VehicleController.cpp.o
[ 92%] Building CXX object CMakeFiles/Jolt.dir/home/will/WorldFoundry/wftools/vendor/jolt-physics-5.5.0/Jolt/Physics/Constraints/SliderConstraint.cpp.o
[ 92%] Building CXX object CMakeFiles/Jolt.dir/home/will/WorldFoundry/wftools/vendor/jolt-physics-5.5.0/Jolt/Renderer/DebugRendererSimple.cpp.o
[ 93%] Building CXX object CMakeFiles/Jolt.dir/home/will/WorldFoundry/wftools/vendor/jolt-physics-5.5.0/Jolt/Physics/DeterminismLog.cpp.o
[ 94%] Building CXX object CMakeFiles/Jolt.dir/home/will/WorldFoundry/wftools/vendor/jolt-physics-5.5.0/Jolt/Skeleton/SkeletalAnimation.cpp.o
[ 94%] Building CXX object CMakeFiles/Jolt.dir/home/will/WorldFoundry/wftools/vendor/jolt-physics-5.5.0/Jolt/Physics/Vehicle/VehicleTransmission.cpp.o
[ 94%] Building CXX object CMakeFiles/Jolt.dir/home/will/WorldFoundry/wftools/vendor/jolt-physics-5.5.0/Jolt/Skeleton/SkeletonPose.cpp.o
[ 96%] Building CXX object CMakeFiles/Jolt.dir/home/will/WorldFoundry/wftools/vendor/jolt-physics-5.5.0/Jolt/TriangleSplitter/TriangleSplitter.cpp.o
[ 95%] Building CXX object CMakeFiles/Jolt.dir/home/will/WorldFoundry/wftools/vendor/jolt-physics-5.5.0/Jolt/Skeleton/Skeleton.cpp.o
[ 97%] Building CXX object CMakeFiles/Jolt.dir/home/will/WorldFoundry/wftools/vendor/jolt-physics-5.5.0/Jolt/Skeleton/SkeletonMapper.cpp.o
[ 98%] Building CXX object CMakeFiles/Jolt.dir/home/will/WorldFoundry/wftools/vendor/jolt-physics-5.5.0/Jolt/TriangleSplitter/TriangleSplitterBinning.cpp.o
[ 99%] Building CXX object CMakeFiles/Jolt.dir/home/will/WorldFoundry/wftools/vendor/jolt-physics-5.5.0/Jolt/TriangleSplitter/TriangleSplitterMean.cpp.o
[100%] Linking CXX static library libJolt.a
[100%] Built target Jolt
