-- CMAKE_BUILD_TYPE               MinSizeRel
-- CMAKE_C_COMPILER_ID            GNU
-- CMAKE_SYSTEM_NAME              Linux
-- CMAKE_SYSTEM_PROCESSOR         x86_64
-- BUILD_SHARED_LIBS              OFF
-- ENABLE_AMALGAM                 OFF
-- ENABLE_LTO                     OFF
-- ENABLE_STRIP                   ON
-- ENABLE_STATIC_CRT              
-- ENABLE_COMPILE_COMMANDS        ON
-- JERRY_VERSION                  
-- JERRY_CMDLINE                  OFF
-- JERRY_CMDLINE_TEST             OFF
-- JERRY_CMDLINE_SNAPSHOT         OFF
-- JERRY_LIBFUZZER                OFF (FORCED BY COMPILER)
-- JERRY_PORT                     ON
-- JERRY_EXT                      OFF
-- JERRY_MATH                     OFF
-- UNITTESTS                      OFF
-- DOCTESTS                       OFF
-- JERRY_CPOINTER_32_BIT          OFF
-- JERRY_DEBUGGER                 OFF
-- JERRY_ERROR_MESSAGES           ON
-- JERRY_EXTERNAL_CONTEXT         OFF
-- JERRY_PARSER                   ON
-- JERRY_FUNCTION_TO_STRING       OFF
-- JERRY_LINE_INFO                ON
-- JERRY_LOGGING                  OFF
-- JERRY_MEM_STATS                OFF
-- JERRY_MEM_GC_BEFORE_EACH_ALLOC OFF
-- JERRY_PARSER_DUMP_BYTE_CODE    OFF
-- JERRY_PROFILE                  /home/will/WorldFoundry/wftools/vendor/jerryscript-v3.0.0/jerry-core/profiles/wf-minimal.profile
-- JERRY_PROMISE_CALLBACK         OFF
-- JERRY_REGEXP_STRICT_MODE       OFF
-- JERRY_REGEXP_DUMP_BYTE_CODE    OFF
-- JERRY_SNAPSHOT_EXEC            OFF
-- JERRY_SNAPSHOT_SAVE            OFF
-- JERRY_SYSTEM_ALLOCATOR         OFF
-- JERRY_VALGRIND                 OFF
-- JERRY_VM_HALT                  OFF
-- JERRY_VM_THROW                 OFF
-- JERRY_GLOBAL_HEAP_SIZE         (512)
-- JERRY_GC_LIMIT                 (0)
-- JERRY_STACK_LIMIT              (0)
-- JERRY_GC_MARK_LIMIT            (8)
-- Configuring done (0.0s)
-- Generating done (0.1s)
-- Build files have been written to: /home/will/WorldFoundry/wftools/vendor/jerryscript-v3.0.0/build
[  0%] Built target amalgam
[  0%] Building C object jerry-core/CMakeFiles/jerry-core.dir/api/jerry-debugger-transport.c.o
[  1%] Building C object jerry-core/CMakeFiles/jerry-core.dir/api/jerryscript.c.o
[  2%] Building C object jerry-core/CMakeFiles/jerry-core.dir/api/jerry-module.c.o
[  2%] Building C object jerry-core/CMakeFiles/jerry-core.dir/api/jerry-snapshot.c.o
[  0%] Building C object jerry-core/CMakeFiles/jerry-core.dir/api/jerry-debugger.c.o
[  3%] Building C object jerry-core/CMakeFiles/jerry-core.dir/ecma/base/ecma-errors.c.o
[  3%] Building C object jerry-core/CMakeFiles/jerry-core.dir/ecma/base/ecma-extended-info.c.o
[  3%] Building C object jerry-core/CMakeFiles/jerry-core.dir/ecma/base/ecma-gc.c.o
[  3%] Building C object jerry-core/CMakeFiles/jerry-core.dir/debugger/debugger.c.o
[  4%] Building C object jerry-core/CMakeFiles/jerry-core.dir/ecma/base/ecma-helpers-conversion.c.o
[  4%] Building C object jerry-core/CMakeFiles/jerry-core.dir/ecma/base/ecma-helpers-external-pointers.c.o
[  5%] Building C object jerry-core/CMakeFiles/jerry-core.dir/ecma/base/ecma-helpers-errol.c.o
[  6%] Building C object jerry-core/CMakeFiles/jerry-core.dir/ecma/base/ecma-helpers-number.c.o
[  4%] Building C object jerry-core/CMakeFiles/jerry-core.dir/ecma/base/ecma-alloc.c.o
[  7%] Building C object jerry-core/CMakeFiles/jerry-core.dir/ecma/base/ecma-helpers-collection.c.o
[  8%] Building C object jerry-core/CMakeFiles/jerry-core.dir/ecma/base/ecma-helpers-value.c.o
[  8%] Building C object jerry-core/CMakeFiles/jerry-core.dir/ecma/base/ecma-line-info.c.o
[  8%] Building C object jerry-core/CMakeFiles/jerry-core.dir/ecma/base/ecma-helpers.c.o
[  8%] Building C object jerry-core/CMakeFiles/jerry-core.dir/ecma/base/ecma-helpers-string.c.o
[  9%] Building C object jerry-core/CMakeFiles/jerry-core.dir/ecma/base/ecma-lcache.c.o
[ 10%] Building C object jerry-core/CMakeFiles/jerry-core.dir/ecma/base/ecma-module.c.o
[ 11%] Building C object jerry-core/CMakeFiles/jerry-core.dir/ecma/base/ecma-property-hashmap.c.o
[ 11%] Building C object jerry-core/CMakeFiles/jerry-core.dir/ecma/base/ecma-init-finalize.c.o
[ 10%] Building C object jerry-core/CMakeFiles/jerry-core.dir/ecma/base/ecma-literal-storage.c.o
[ 11%] Building C object jerry-core/CMakeFiles/jerry-core.dir/ecma/builtin-objects/ecma-builtin-array-prototype.c.o
[ 12%] Building C object jerry-core/CMakeFiles/jerry-core.dir/ecma/builtin-objects/ecma-builtin-aggregateerror-prototype.c.o
[ 12%] Building C object jerry-core/CMakeFiles/jerry-core.dir/ecma/builtin-objects/ecma-builtin-aggregateerror.c.o
[ 13%] Building C object jerry-core/CMakeFiles/jerry-core.dir/ecma/builtin-objects/ecma-builtin-array-prototype-unscopables.c.o
[ 13%] Building C object jerry-core/CMakeFiles/jerry-core.dir/ecma/builtin-objects/ecma-builtin-array-iterator-prototype.c.o
[ 14%] Building C object jerry-core/CMakeFiles/jerry-core.dir/ecma/builtin-objects/ecma-builtin-array.c.o
[ 14%] Building C object jerry-core/CMakeFiles/jerry-core.dir/ecma/builtin-objects/ecma-builtin-async-generator-function.c.o
[ 15%] Building C object jerry-core/CMakeFiles/jerry-core.dir/ecma/builtin-objects/ecma-builtin-arraybuffer.c.o
[ 17%] Building C object jerry-core/CMakeFiles/jerry-core.dir/ecma/builtin-objects/ecma-builtin-async-function-prototype.c.o
[ 14%] Building C object jerry-core/CMakeFiles/jerry-core.dir/ecma/builtin-objects/ecma-builtin-arraybuffer-prototype.c.o
[ 17%] Building C object jerry-core/CMakeFiles/jerry-core.dir/ecma/builtin-objects/ecma-builtin-async-function.c.o
[ 17%] Building C object jerry-core/CMakeFiles/jerry-core.dir/ecma/builtin-objects/ecma-builtin-async-from-sync-iterator-prototype.c.o
[ 18%] Building C object jerry-core/CMakeFiles/jerry-core.dir/ecma/builtin-objects/ecma-builtin-async-generator-prototype.c.o
[ 19%] Building C object jerry-core/CMakeFiles/jerry-core.dir/ecma/builtin-objects/ecma-builtin-async-iterator-prototype.c.o
[ 18%] Building C object jerry-core/CMakeFiles/jerry-core.dir/ecma/builtin-objects/ecma-builtin-async-generator.c.o
[ 19%] Building C object jerry-core/CMakeFiles/jerry-core.dir/ecma/builtin-objects/ecma-builtin-bigint.c.o
[ 19%] Building C object jerry-core/CMakeFiles/jerry-core.dir/ecma/builtin-objects/ecma-builtin-atomics.c.o
[ 20%] Building C object jerry-core/CMakeFiles/jerry-core.dir/ecma/builtin-objects/ecma-builtin-bigint-prototype.c.o
[ 21%] Building C object jerry-core/CMakeFiles/jerry-core.dir/ecma/builtin-objects/ecma-builtin-boolean-prototype.c.o
[ 21%] Building C object jerry-core/CMakeFiles/jerry-core.dir/ecma/builtin-objects/ecma-builtin-date.c.o
[ 21%] Building C object jerry-core/CMakeFiles/jerry-core.dir/ecma/builtin-objects/ecma-builtin-boolean.c.o
[ 22%] Building C object jerry-core/CMakeFiles/jerry-core.dir/ecma/builtin-objects/ecma-builtin-dataview-prototype.c.o
[ 22%] Building C object jerry-core/CMakeFiles/jerry-core.dir/ecma/builtin-objects/ecma-builtin-dataview.c.o
[ 22%] Building C object jerry-core/CMakeFiles/jerry-core.dir/ecma/builtin-objects/ecma-builtin-error.c.o
[ 23%] Building C object jerry-core/CMakeFiles/jerry-core.dir/ecma/builtin-objects/ecma-builtin-evalerror-prototype.c.o
[ 24%] Building C object jerry-core/CMakeFiles/jerry-core.dir/ecma/builtin-objects/ecma-builtin-error-prototype.c.o
[ 25%] Building C object jerry-core/CMakeFiles/jerry-core.dir/ecma/builtin-objects/ecma-builtin-date-prototype.c.o
[ 25%] Building C object jerry-core/CMakeFiles/jerry-core.dir/ecma/builtin-objects/ecma-builtin-evalerror.c.o
[ 25%] Building C object jerry-core/CMakeFiles/jerry-core.dir/ecma/builtin-objects/ecma-builtin-generator.c.o
[ 26%] Building C object jerry-core/CMakeFiles/jerry-core.dir/ecma/builtin-objects/ecma-builtin-generator-prototype.c.o
[ 27%] Building C object jerry-core/CMakeFiles/jerry-core.dir/ecma/builtin-objects/ecma-builtin-function-prototype.c.o
[ 27%] Building C object jerry-core/CMakeFiles/jerry-core.dir/ecma/builtin-objects/ecma-builtin-generator-function.c.o
[ 28%] Building C object jerry-core/CMakeFiles/jerry-core.dir/ecma/builtin-objects/ecma-builtin-global.c.o
[ 29%] Building C object jerry-core/CMakeFiles/jerry-core.dir/ecma/builtin-objects/ecma-builtin-helpers-date.c.o
[ 25%] Building C object jerry-core/CMakeFiles/jerry-core.dir/ecma/builtin-objects/ecma-builtin-function.c.o
[ 29%] Building C object jerry-core/CMakeFiles/jerry-core.dir/ecma/builtin-objects/ecma-builtin-helpers-error.c.o
[ 30%] Building C object jerry-core/CMakeFiles/jerry-core.dir/ecma/builtin-objects/ecma-builtin-helpers-json.c.o
[ 30%] Building C object jerry-core/CMakeFiles/jerry-core.dir/ecma/builtin-objects/ecma-builtin-handlers.c.o
[ 30%] Building C object jerry-core/CMakeFiles/jerry-core.dir/ecma/builtin-objects/ecma-builtin-helpers-sort.c.o
[ 31%] Building C object jerry-core/CMakeFiles/jerry-core.dir/ecma/builtin-objects/ecma-builtin-helpers.c.o
[ 31%] Building C object jerry-core/CMakeFiles/jerry-core.dir/ecma/builtin-objects/ecma-builtin-intrinsic.c.o
[ 32%] Building C object jerry-core/CMakeFiles/jerry-core.dir/ecma/builtin-objects/ecma-builtin-iterator-prototype.c.o
[ 32%] Building C object jerry-core/CMakeFiles/jerry-core.dir/ecma/builtin-objects/ecma-builtin-json.c.o
[ 34%] Building C object jerry-core/CMakeFiles/jerry-core.dir/ecma/builtin-objects/ecma-builtin-map-iterator-prototype.c.o
[ 34%] Building C object jerry-core/CMakeFiles/jerry-core.dir/ecma/builtin-objects/ecma-builtin-map-prototype.c.o
[ 35%] Building C object jerry-core/CMakeFiles/jerry-core.dir/ecma/builtin-objects/ecma-builtin-map.c.o
[ 34%] Building C object jerry-core/CMakeFiles/jerry-core.dir/ecma/builtin-objects/ecma-builtin-math.c.o
[ 36%] Building C object jerry-core/CMakeFiles/jerry-core.dir/ecma/builtin-objects/ecma-builtin-promise-prototype.c.o
[ 36%] Building C object jerry-core/CMakeFiles/jerry-core.dir/ecma/builtin-objects/ecma-builtin-number-prototype.c.o
[ 36%] Building C object jerry-core/CMakeFiles/jerry-core.dir/ecma/builtin-objects/ecma-builtin-number.c.o
[ 38%] Building C object jerry-core/CMakeFiles/jerry-core.dir/ecma/builtin-objects/ecma-builtin-object.c.o
[ 38%] Building C object jerry-core/CMakeFiles/jerry-core.dir/ecma/builtin-objects/ecma-builtin-object-prototype.c.o
[ 37%] Building C object jerry-core/CMakeFiles/jerry-core.dir/ecma/builtin-objects/ecma-builtin-promise.c.o
[ 38%] Building C object jerry-core/CMakeFiles/jerry-core.dir/ecma/builtin-objects/ecma-builtin-proxy.c.o
[ 38%] Building C object jerry-core/CMakeFiles/jerry-core.dir/ecma/builtin-objects/ecma-builtin-rangeerror.c.o
[ 39%] Building C object jerry-core/CMakeFiles/jerry-core.dir/ecma/builtin-objects/ecma-builtin-referenceerror-prototype.c.o
[ 40%] Building C object jerry-core/CMakeFiles/jerry-core.dir/ecma/builtin-objects/ecma-builtin-regexp-prototype.c.o
[ 40%] Building C object jerry-core/CMakeFiles/jerry-core.dir/ecma/builtin-objects/ecma-builtin-reflect.c.o
[ 41%] Building C object jerry-core/CMakeFiles/jerry-core.dir/ecma/builtin-objects/ecma-builtin-rangeerror-prototype.c.o
[ 41%] Building C object jerry-core/CMakeFiles/jerry-core.dir/ecma/builtin-objects/ecma-builtin-referenceerror.c.o
[ 42%] Building C object jerry-core/CMakeFiles/jerry-core.dir/ecma/builtin-objects/ecma-builtin-set-iterator-prototype.c.o
[ 42%] Building C object jerry-core/CMakeFiles/jerry-core.dir/ecma/builtin-objects/ecma-builtin-set-prototype.c.o
[ 42%] Building C object jerry-core/CMakeFiles/jerry-core.dir/ecma/builtin-objects/ecma-builtin-set.c.o
[ 42%] Building C object jerry-core/CMakeFiles/jerry-core.dir/ecma/builtin-objects/ecma-builtin-regexp.c.o
[ 43%] Building C object jerry-core/CMakeFiles/jerry-core.dir/ecma/builtin-objects/ecma-builtin-regexp-string-iterator-prototype.c.o
[ 44%] Building C object jerry-core/CMakeFiles/jerry-core.dir/ecma/builtin-objects/ecma-builtin-shared-arraybuffer-prototype.c.o
[ 45%] Building C object jerry-core/CMakeFiles/jerry-core.dir/ecma/builtin-objects/ecma-builtin-string-iterator-prototype.c.o
[ 45%] Building C object jerry-core/CMakeFiles/jerry-core.dir/ecma/builtin-objects/ecma-builtin-string-prototype.c.o
[ 45%] Building C object jerry-core/CMakeFiles/jerry-core.dir/ecma/builtin-objects/ecma-builtin-shared-arraybuffer.c.o
[ 46%] Building C object jerry-core/CMakeFiles/jerry-core.dir/ecma/builtin-objects/ecma-builtin-symbol-prototype.c.o
[ 47%] Building C object jerry-core/CMakeFiles/jerry-core.dir/ecma/builtin-objects/ecma-builtin-urierror-prototype.c.o
[ 48%] Building C object jerry-core/CMakeFiles/jerry-core.dir/ecma/builtin-objects/ecma-builtin-typeerror-prototype.c.o
[ 46%] Building C object jerry-core/CMakeFiles/jerry-core.dir/ecma/builtin-objects/ecma-builtin-symbol.c.o
[ 50%] Building C object jerry-core/CMakeFiles/jerry-core.dir/ecma/builtin-objects/ecma-builtin-string.c.o
[ 51%] Building C object jerry-core/CMakeFiles/jerry-core.dir/ecma/builtin-objects/ecma-builtin-syntaxerror.c.o
[ 51%] Building C object jerry-core/CMakeFiles/jerry-core.dir/ecma/builtin-objects/ecma-builtin-typeerror.c.o
[ 51%] Building C object jerry-core/CMakeFiles/jerry-core.dir/ecma/builtin-objects/ecma-builtin-syntaxerror-prototype.c.o
[ 47%] Building C object jerry-core/CMakeFiles/jerry-core.dir/ecma/builtin-objects/ecma-builtin-type-error-thrower.c.o
[ 52%] Building C object jerry-core/CMakeFiles/jerry-core.dir/ecma/builtin-objects/ecma-builtin-weakmap-prototype.c.o
[ 52%] Building C object jerry-core/CMakeFiles/jerry-core.dir/ecma/builtin-objects/ecma-builtin-weakmap.c.o
[ 52%] Building C object jerry-core/CMakeFiles/jerry-core.dir/ecma/builtin-objects/ecma-builtin-urierror.c.o
[ 52%] Building C object jerry-core/CMakeFiles/jerry-core.dir/ecma/builtin-objects/ecma-builtin-weakref.c.o
[ 53%] Building C object jerry-core/CMakeFiles/jerry-core.dir/ecma/builtin-objects/ecma-builtin-weakset-prototype.c.o
[ 53%] Building C object jerry-core/CMakeFiles/jerry-core.dir/ecma/builtin-objects/ecma-builtin-weakref-prototype.c.o
[ 54%] Building C object jerry-core/CMakeFiles/jerry-core.dir/ecma/builtin-objects/ecma-builtin-weakset.c.o
[ 55%] Building C object jerry-core/CMakeFiles/jerry-core.dir/ecma/builtin-objects/typedarray/ecma-builtin-bigint64array.c.o
[ 55%] Building C object jerry-core/CMakeFiles/jerry-core.dir/ecma/builtin-objects/ecma-builtins.c.o
[ 55%] Building C object jerry-core/CMakeFiles/jerry-core.dir/ecma/builtin-objects/typedarray/ecma-builtin-biguint64array-prototype.c.o
[ 56%] Building C object jerry-core/CMakeFiles/jerry-core.dir/ecma/builtin-objects/typedarray/ecma-builtin-bigint64array-prototype.c.o
[ 55%] Building C object jerry-core/CMakeFiles/jerry-core.dir/ecma/builtin-objects/typedarray/ecma-builtin-biguint64array.c.o
/home/will/WorldFoundry/wftools/vendor/jerryscript-v3.0.0/jerry-core/ecma/builtin-objects/ecma-builtin-intrinsic.c: In function ‘ecma_builtin_intrinsic_map_prototype_entries’:
/home/will/WorldFoundry/wftools/vendor/jerryscript-v3.0.0/jerry-core/ecma/builtin-objects/ecma-builtin-intrinsic.c:117:45: error: ‘ECMA_BUILTIN_ID_MAP_ITERATOR_PROTOTYPE’ undeclared (first use in this function); did you mean ‘ECMA_BUILTIN_ID_ARRAY_ITERATOR_PROTOTYPE’?
  117 |                                             ECMA_BUILTIN_ID_MAP_ITERATOR_PROTOTYPE,
      |                                             ^~~~~~~~~~~~~~~~~~~~~~~~~~~~~~~~~~~~~~
      |                                             ECMA_BUILTIN_ID_ARRAY_ITERATOR_PROTOTYPE
/home/will/WorldFoundry/wftools/vendor/jerryscript-v3.0.0/jerry-core/ecma/builtin-objects/ecma-builtin-intrinsic.c:117:45: note: each undeclared identifier is reported only once for each function it appears in
/home/will/WorldFoundry/wftools/vendor/jerryscript-v3.0.0/jerry-core/ecma/builtin-objects/ecma-builtin-intrinsic.c: In function ‘ecma_builtin_intrinsic_set_prototype_values’:
/home/will/WorldFoundry/wftools/vendor/jerryscript-v3.0.0/jerry-core/ecma/builtin-objects/ecma-builtin-intrinsic.c:143:45: error: ‘ECMA_BUILTIN_ID_SET_ITERATOR_PROTOTYPE’ undeclared (first use in this function); did you mean ‘ECMA_BUILTIN_ID_ASYNC_ITERATOR_PROTOTYPE’?
  143 |                                             ECMA_BUILTIN_ID_SET_ITERATOR_PROTOTYPE,
      |                                             ^~~~~~~~~~~~~~~~~~~~~~~~~~~~~~~~~~~~~~
      |                                             ECMA_BUILTIN_ID_ASYNC_ITERATOR_PROTOTYPE
[ 56%] Building C object jerry-core/CMakeFiles/jerry-core.dir/ecma/builtin-objects/typedarray/ecma-builtin-float32array.c.o
[ 58%] Building C object jerry-core/CMakeFiles/jerry-core.dir/ecma/builtin-objects/typedarray/ecma-builtin-float64array-prototype.c.o
gmake[3]: *** [jerry-core/CMakeFiles/jerry-core.dir/build.make:972: jerry-core/CMakeFiles/jerry-core.dir/ecma/builtin-objects/ecma-builtin-intrinsic.c.o] Error 1
gmake[3]: *** Waiting for unfinished jobs....
[ 57%] Building C object jerry-core/CMakeFiles/jerry-core.dir/ecma/builtin-objects/typedarray/ecma-builtin-float32array-prototype.c.o
[ 59%] Building C object jerry-core/CMakeFiles/jerry-core.dir/ecma/builtin-objects/typedarray/ecma-builtin-float64array.c.o
[ 59%] Building C object jerry-core/CMakeFiles/jerry-core.dir/ecma/builtin-objects/typedarray/ecma-builtin-int16array-prototype.c.o
[ 59%] Building C object jerry-core/CMakeFiles/jerry-core.dir/ecma/builtin-objects/typedarray/ecma-builtin-int32array.c.o
[ 60%] Building C object jerry-core/CMakeFiles/jerry-core.dir/ecma/builtin-objects/typedarray/ecma-builtin-int32array-prototype.c.o
[ 59%] Building C object jerry-core/CMakeFiles/jerry-core.dir/ecma/builtin-objects/typedarray/ecma-builtin-int16array.c.o
[ 60%] Building C object jerry-core/CMakeFiles/jerry-core.dir/ecma/builtin-objects/typedarray/ecma-builtin-typedarray-helpers.c.o
[ 60%] Building C object jerry-core/CMakeFiles/jerry-core.dir/ecma/builtin-objects/typedarray/ecma-builtin-int8array.c.o
/home/will/WorldFoundry/wftools/vendor/jerryscript-v3.0.0/jerry-core/ecma/builtin-objects/ecma-builtin-regexp-string-iterator-prototype.c: In function ‘ecma_builtin_regexp_string_iterator_prototype_object_next’:
/home/will/WorldFoundry/wftools/vendor/jerryscript-v3.0.0/jerry-core/ecma/builtin-objects/ecma-builtin-regexp-string-iterator-prototype.c:64:37: error: ‘ECMA_OBJECT_CLASS_REGEXP_STRING_ITERATOR’ undeclared (first use in this function); did you mean ‘ECMA_OBJECT_CLASS_STRING_ITERATOR’?
   64 |   if (!ecma_object_class_is (obj_p, ECMA_OBJECT_CLASS_REGEXP_STRING_ITERATOR))
      |                                     ^~~~~~~~~~~~~~~~~~~~~~~~~~~~~~~~~~~~~~~~
      |                                     ECMA_OBJECT_CLASS_STRING_ITERATOR
/home/will/WorldFoundry/wftools/vendor/jerryscript-v3.0.0/jerry-core/ecma/builtin-objects/ecma-builtin-regexp-string-iterator-prototype.c:64:37: note: each undeclared identifier is reported only once for each function it appears in
[ 61%] Building C object jerry-core/CMakeFiles/jerry-core.dir/ecma/builtin-objects/typedarray/ecma-builtin-typedarray-prototype.c.o
[ 62%] Building C object jerry-core/CMakeFiles/jerry-core.dir/ecma/builtin-objects/typedarray/ecma-builtin-int8array-prototype.c.o
[ 63%] Building C object jerry-core/CMakeFiles/jerry-core.dir/ecma/builtin-objects/typedarray/ecma-builtin-uint16array-prototype.c.o
/home/will/WorldFoundry/wftools/vendor/jerryscript-v3.0.0/jerry-core/ecma/builtin-objects/ecma-builtin-regexp-string-iterator-prototype.c:69:3: error: unknown type name ‘ecma_regexp_string_iterator_t’
   69 |   ecma_regexp_string_iterator_t *regexp_string_iterator_obj = (ecma_regexp_string_iterator_t *) obj_p;
      |   ^~~~~~~~~~~~~~~~~~~~~~~~~~~~~
[ 62%] Building C object jerry-core/CMakeFiles/jerry-core.dir/ecma/builtin-objects/typedarray/ecma-builtin-typedarray.c.o
[ 63%] Building C object jerry-core/CMakeFiles/jerry-core.dir/ecma/builtin-objects/typedarray/ecma-builtin-uint16array.c.o
/home/will/WorldFoundry/wftools/vendor/jerryscript-v3.0.0/jerry-core/ecma/builtin-objects/ecma-builtin-regexp-string-iterator-prototype.c:69:64: error: ‘ecma_regexp_string_iterator_t’ undeclared (first use in this function); did you mean ‘regexp_string_iterator_obj’?
   69 |   ecma_regexp_string_iterator_t *regexp_string_iterator_obj = (ecma_regexp_string_iterator_t *) obj_p;
      |                                                                ^~~~~~~~~~~~~~~~~~~~~~~~~~~~~
      |                                                                regexp_string_iterator_obj
/home/will/WorldFoundry/wftools/vendor/jerryscript-v3.0.0/jerry-core/ecma/builtin-objects/ecma-builtin-regexp-string-iterator-prototype.c:69:95: error: expected expression before ‘)’ token
   69 |   ecma_regexp_string_iterator_t *regexp_string_iterator_obj = (ecma_regexp_string_iterator_t *) obj_p;
      |                                                                                               ^
/home/will/WorldFoundry/wftools/vendor/jerryscript-v3.0.0/jerry-core/ecma/builtin-objects/ecma-builtin-regexp-string-iterator-prototype.c:72:54: error: request for member ‘iterated_string’ in something not a structure or union
   72 |   if (ecma_is_value_empty (regexp_string_iterator_obj->iterated_string))
      |                                                      ^~
[ 64%] Building C object jerry-core/CMakeFiles/jerry-core.dir/ecma/builtin-objects/typedarray/ecma-builtin-uint32array-prototype.c.o
/home/will/WorldFoundry/wftools/vendor/jerryscript-v3.0.0/jerry-core/ecma/builtin-objects/ecma-builtin-regexp-string-iterator-prototype.c:78:51: error: request for member ‘iterating_regexp’ in something not a structure or union
   78 |   ecma_value_t regexp = regexp_string_iterator_obj->iterating_regexp;
      |                                                   ^~
/home/will/WorldFoundry/wftools/vendor/jerryscript-v3.0.0/jerry-core/ecma/builtin-objects/ecma-builtin-regexp-string-iterator-prototype.c:81:62: error: request for member ‘iterated_string’ in something not a structure or union
   81 |   ecma_value_t matcher_str_value = regexp_string_iterator_obj->iterated_string;
      |                                                              ^~
/home/will/WorldFoundry/wftools/vendor/jerryscript-v3.0.0/jerry-core/ecma/builtin-objects/ecma-builtin-regexp-string-iterator-prototype.c:95:48: error: request for member ‘iterated_string’ in something not a structure or union
   95 |     ecma_free_value (regexp_string_iterator_obj->iterated_string);
      |                                                ^~
/home/will/WorldFoundry/wftools/vendor/jerryscript-v3.0.0/jerry-core/ecma/builtin-objects/ecma-builtin-regexp-string-iterator-prototype.c:96:31: error: request for member ‘iterated_string’ in something not a structure or union
   96 |     regexp_string_iterator_obj->iterated_string = ECMA_VALUE_EMPTY;
      |                               ^~
/home/will/WorldFoundry/wftools/vendor/jerryscript-v3.0.0/jerry-core/ecma/builtin-objects/ecma-builtin-regexp-string-iterator-prototype.c:105:33: error: request for member ‘header’ in something not a structure or union
  105 |   if (regexp_string_iterator_obj->header.u.cls.u1.regexp_string_iterator_flags & RE_FLAG_GLOBAL)
      |                                 ^~
/home/will/WorldFoundry/wftools/vendor/jerryscript-v3.0.0/jerry-core/ecma/builtin-objects/ecma-builtin-regexp-string-iterator-prototype.c:105:82: error: ‘RE_FLAG_GLOBAL’ undeclared (first use in this function)
  105 |   if (regexp_string_iterator_obj->header.u.cls.u1.regexp_string_iterator_flags & RE_FLAG_GLOBAL)
      |                                                                                  ^~~~~~~~~~~~~~
/home/will/WorldFoundry/wftools/vendor/jerryscript-v3.0.0/jerry-core/ecma/builtin-objects/ecma-builtin-regexp-string-iterator-prototype.c:144:49: error: request for member ‘header’ in something not a structure or union
  144 |       uint8_t flags = regexp_string_iterator_obj->header.u.cls.u1.regexp_string_iterator_flags;
      |                                                 ^~
/home/will/WorldFoundry/wftools/vendor/jerryscript-v3.0.0/jerry-core/ecma/builtin-objects/ecma-builtin-regexp-string-iterator-prototype.c:146:75: error: ‘RE_FLAG_UNICODE’ undeclared (first use in this function)
  146 |         ecma_op_advance_string_index (matcher_str_p, this_index, (flags & RE_FLAG_UNICODE) != 0);
      |                                                                           ^~~~~~~~~~~~~~~
/home/will/WorldFoundry/wftools/vendor/jerryscript-v3.0.0/jerry-core/ecma/builtin-objects/ecma-builtin-regexp-string-iterator-prototype.c:168:48: error: request for member ‘iterated_string’ in something not a structure or union
  168 |     ecma_free_value (regexp_string_iterator_obj->iterated_string);
      |                                                ^~
/home/will/WorldFoundry/wftools/vendor/jerryscript-v3.0.0/jerry-core/ecma/builtin-objects/ecma-builtin-regexp-string-iterator-prototype.c:169:31: error: request for member ‘iterated_string’ in something not a structure or union
  169 |     regexp_string_iterator_obj->iterated_string = ECMA_VALUE_EMPTY;
      |                               ^~
gmake[3]: *** [jerry-core/CMakeFiles/jerry-core.dir/build.make:1252: jerry-core/CMakeFiles/jerry-core.dir/ecma/builtin-objects/ecma-builtin-regexp-string-iterator-prototype.c.o] Error 1
gmake[2]: *** [CMakeFiles/Makefile2:143: jerry-core/CMakeFiles/jerry-core.dir/all] Error 2
gmake[1]: *** [CMakeFiles/Makefile2:150: jerry-core/CMakeFiles/jerry-core.dir/rule] Error 2
gmake: *** [Makefile:182: jerry-core] Error 2
